Start testing: Dec 28 20:18 CET
----------------------------------------------------------
1/1 Testing: common_tests
1/1 Test: common_tests
Command: "/home/czeslavo/Projects/db_project/server/build/tests/run_common_tests"
Directory: /home/czeslavo/Projects/db_project/server/build/tests
"common_tests" start time: Dec 28 20:18 CET
Output:
----------------------------------------------------------
Running main() from gtest_main.cc
[==========] Running 1 test from 1 test case.
[----------] Global test environment set-up.
[----------] 1 test from DummyClassTest
[ RUN      ] DummyClassTest.shouldSayHello
[       OK ] DummyClassTest.shouldSayHello (0 ms)
[----------] 1 test from DummyClassTest (0 ms total)

[----------] Global test environment tear-down
[==========] 1 test from 1 test case ran. (0 ms total)
[  PASSED  ] 1 test.
<end of output>
Test time =   0.00 sec
----------------------------------------------------------
Test Passed.
"common_tests" end time: Dec 28 20:18 CET
"common_tests" time elapsed: 00:00:00
----------------------------------------------------------

End testing: Dec 28 20:18 CET
